6.480278372764587402e-01 4.228594303131103516e-01 9.916036725044250488e-01 4.670210480690002441e-01
6.531338095664978027e-01 4.974462091922760010e-01 9.962708353996276855e-01 5.312016606330871582e-01
6.480932235717773438e-01 3.819140195846557617e-01 9.978312253952026367e-01 4.235282540321350098e-01
6.822487711906433105e-01 5.835392475128173828e-01 1.000000000000000000e+00 6.211849451065063477e-01
6.790156364440917969e-01 5.310808420181274414e-01 9.866667985916137695e-01 5.566662549972534180e-01
6.563347578048706055e-01 2.738086581230163574e-01 1.000000000000000000e+00 3.253222703933715820e-01
6.739099621772766113e-01 6.326375007629394531e-01 9.929545521736145020e-01 6.706987619400024414e-01
6.893516778945922852e-01 2.010626196861267090e-01 9.979214072227478027e-01 2.320852577686309814e-01
1.916698515415191650e-01 2.344266325235366821e-01 5.057570934295654297e-01 2.666592299938201904e-01
6.830657720565795898e-01 5.568717122077941895e-01 9.885910153388977051e-01 5.815504193305969238e-01
1.837939918041229248e-01 3.341946601867675781e-01 5.057854056358337402e-01 3.663898706436157227e-01
6.579310894012451172e-01 8.816121816635131836e-01 9.959551692008972168e-01 9.109400510787963867e-01
2.255888730287551880e-01 5.759714841842651367e-01 5.145741701126098633e-01 6.202055215835571289e-01
6.595489382743835449e-01 8.621698617935180664e-01 9.956473112106323242e-01 8.869304656982421875e-01
6.962941288948059082e-01 2.572808861732482910e-01 9.932647347450256348e-01 2.775523662567138672e-01
2.183690965175628662e-01 5.306908488273620605e-01 5.248037576675415039e-01 5.780689120292663574e-01
1.966465264558792114e-01 2.623877525329589844e-01 5.043420195579528809e-01 3.038831949234008789e-01
6.627762317657470703e-01 8.260947465896606445e-01 9.720219373703002930e-01 8.596398830413818359e-01
6.642425656318664551e-01 8.546224832534790039e-01 9.840729236602783203e-01 8.724408149719238281e-01
2.235867679119110107e-01 2.938942015171051025e-01 5.049219727516174316e-01 3.210797607898712158e-01
1.684990525245666504e-01 6.545625925064086914e-01 5.118724107742309570e-01 6.935852766036987305e-01
6.736159920692443848e-01 6.205015778541564941e-01 9.890832901000976562e-01 6.379268765449523926e-01
6.870771050453186035e-01 2.437477111816406250e-01 9.926869273185729980e-01 2.607944607734680176e-01
2.167692184448242188e-01 3.218442201614379883e-01 5.052273273468017578e-01 3.358047604560852051e-01
6.678511500358581543e-01 2.341156154870986938e-01 9.913866519927978516e-01 2.567923367023468018e-01
6.707934141159057617e-01 6.700040698051452637e-01 9.860571622848510742e-01 6.886498332023620605e-01
6.294005513191223145e-01 1.013664603233337402e-01 9.962050318717956543e-01 2.164521217346191406e-01
6.495425105094909668e-01 6.870678663253784180e-01 9.712317585945129395e-01 8.210843801498413086e-01
1.658489704132080078e-01 2.691665589809417725e-01 5.624491572380065918e-01 3.006125986576080322e-01
7.056329846382141113e-01 2.633260786533355713e-01 9.990840554237365723e-01 2.813507020473480225e-01
1.947653740644454956e-01 3.403014242649078369e-01 6.220747232437133789e-01 3.742350637912750244e-01
1.959913820028305054e-01 3.343326747417449951e-01 6.114276051521301270e-01 3.630982339382171631e-01
6.781369447708129883e-01 2.274646162986755371e-01 9.952825903892517090e-01 2.424730658531188965e-01
2.083760946989059448e-01 2.332317978143692017e-01 5.390517711639404297e-01 2.751184105873107910e-01
1.795131266117095947e-01 5.654720664024353027e-01 5.377648472785949707e-01 6.139205098152160645e-01
2.717402875423431396e-01 2.920321226119995117e-01 5.335575938224792480e-01 3.243053555488586426e-01
6.503164768218994141e-01 8.539919257164001465e-01 9.538193941116333008e-01 8.784021735191345215e-01
5.396615266799926758e-01 2.813030183315277100e-01 1.000000000000000000e+00 3.169838488101959229e-01
7.220315933227539062e-01 2.377942502498626709e-01 9.970818758010864258e-01 2.650962769985198975e-01
2.243636995553970337e-01 2.791863977909088135e-01 5.155815482139587402e-01 3.149677217006683350e-01
1.631563305854797363e-01 6.504954695701599121e-01 6.212876439094543457e-01 6.856729388236999512e-01
6.305950284004211426e-01 5.533622503280639648e-01 1.000000000000000000e+00 5.783895254135131836e-01
2.138565480709075928e-01 2.622824013233184814e-01 5.865331888198852539e-01 2.955059707164764404e-01
2.451616972684860229e-01 6.384392976760864258e-01 5.383614301681518555e-01 6.871752738952636719e-01
8.041698932647705078e-01 3.174696266651153564e-01 9.983885884284973145e-01 3.524039685726165771e-01
6.986625790596008301e-01 5.608582496643066406e-01 1.000000000000000000e+00 5.877512693405151367e-01
5.648964643478393555e-01 2.061763405799865723e-01 1.000000000000000000e+00 2.375614047050476074e-01
6.878715753555297852e-01 4.636459946632385254e-01 1.000000000000000000e+00 4.993532896041870117e-01
6.857956051826477051e-01 5.243515968322753906e-01 9.921477437019348145e-01 5.513153076171875000e-01
2.216635495424270630e-01 3.010666668415069580e-01 5.355084538459777832e-01 3.336509764194488525e-01
7.642845511436462402e-01 5.519049763679504395e-01 9.813722968101501465e-01 5.818230509757995605e-01
6.622175574302673340e-01 6.730614900588989258e-01 9.853659868240356445e-01 7.007431983947753906e-01
6.081226468086242676e-01 3.689040243625640869e-01 9.822894334793090820e-01 4.175733029842376709e-01
5.889207720756530762e-01 5.345702767372131348e-01 1.000000000000000000e+00 5.632279515266418457e-01
6.582134962081909180e-01 8.637107014656066895e-01 1.000000000000000000e+00 8.923555016517639160e-01
7.464106082916259766e-01 2.521921396255493164e-01 9.746449589729309082e-01 2.799242138862609863e-01
6.383976936340332031e-01 6.442370414733886719e-01 1.000000000000000000e+00 6.792782545089721680e-01
2.220897227525711060e-01 5.253077149391174316e-01 5.298023223876953125e-01 5.775154232978820801e-01
6.798878908157348633e-01 4.184521734714508057e-01 9.824718832969665527e-01 4.388290941715240479e-01
2.751015424728393555e-01 6.913037300109863281e-01 4.950894415378570557e-01 7.196469306945800781e-01
6.712053418159484863e-01 6.186711788177490234e-01 9.414047598838806152e-01 6.565735340118408203e-01
7.043414711952209473e-01 5.702597498893737793e-01 9.588800072669982910e-01 6.120162606239318848e-01
6.789293289184570312e-01 6.174719929695129395e-01 9.744789600372314453e-01 6.418244242668151855e-01
6.116966605186462402e-01 3.936980664730072021e-01 1.000000000000000000e+00 4.383321702480316162e-01
6.916924118995666504e-01 8.245911598205566406e-01 9.758917689323425293e-01 8.563859462738037109e-01
8.207595944404602051e-01 2.351691275835037231e-01 9.950418472290039062e-01 2.562216818332672119e-01
5.709169507026672363e-01 4.176104068756103516e-01 1.000000000000000000e+00 4.598630070686340332e-01
2.826095223426818848e-01 7.004355192184448242e-01 4.951218962669372559e-01 7.357643842697143555e-01
6.682905554771423340e-01 2.276202291250228882e-01 9.717155098915100098e-01 2.547826766967773438e-01
8.061864376068115234e-01 2.492088228464126587e-01 9.977110028266906738e-01 2.709452807903289795e-01
6.930035948753356934e-01 8.466736674308776855e-01 9.690060019493103027e-01 8.734715580940246582e-01
6.464457511901855469e-01 4.917783737182617188e-01 9.914171695709228516e-01 5.357519388198852539e-01
6.596482396125793457e-01 4.319721758365631104e-01 1.000000000000000000e+00 4.772292673587799072e-01
6.377654671669006348e-01 6.304518580436706543e-01 1.000000000000000000e+00 6.667748093605041504e-01
6.755462884902954102e-01 8.768013119697570801e-01 9.954096674919128418e-01 9.108752608299255371e-01
6.223426461219787598e-01 2.665584087371826172e-01 1.000000000000000000e+00 3.140955567359924316e-01
6.633355021476745605e-01 5.797643661499023438e-01 9.957159161567687988e-01 6.155652999877929688e-01
2.337628155946731567e-01 3.214161098003387451e-01 5.875875949859619141e-01 3.406565487384796143e-01
7.259913682937622070e-01 1.961672008037567139e-01 1.000000000000000000e+00 2.352828383445739746e-01
2.649644911289215088e-01 3.310152292251586914e-01 5.300083160400390625e-01 3.693776726722717285e-01
6.577885150909423828e-01 5.621476769447326660e-01 9.957249760627746582e-01 6.399576067924499512e-01
2.277253717184066772e-01 2.977940738201141357e-01 5.981516242027282715e-01 3.268962800502777100e-01
6.287331581115722656e-01 8.368074893951416016e-01 9.885109066963195801e-01 8.652515411376953125e-01
2.595828473567962646e-01 1.702854633331298828e-01 5.156831145286560059e-01 2.225928306579589844e-01
8.666792511940002441e-01 2.383102327585220337e-01 9.948760271072387695e-01 2.684548795223236084e-01
6.989980340003967285e-01 6.670717597007751465e-01 9.545251131057739258e-01 6.895938515663146973e-01
6.803871393203735352e-01 6.223268508911132812e-01 9.941856861114501953e-01 6.473302841186523438e-01
2.379139214754104614e-01 3.238898515701293945e-01 5.411284565925598145e-01 3.568771481513977051e-01
7.131951451301574707e-01 5.851263403892517090e-01 9.979099631309509277e-01 6.241287589073181152e-01
6.689833402633666992e-01 6.937036514282226562e-01 9.653713703155517578e-01 8.781067132949829102e-01
2.413965314626693726e-01 2.128791958093643188e-01 5.025876164436340332e-01 2.393128424882888794e-01
6.611986756324768066e-01 4.110782742500305176e-01 9.823870062828063965e-01 4.675964713096618652e-01
5.733160972595214844e-01 2.607151865959167480e-01 9.962297081947326660e-01 2.857666611671447754e-01
2.162956744432449341e-01 5.913351774215698242e-01 6.130811572074890137e-01 6.254450082778930664e-01
8.632062673568725586e-01 2.553823292255401611e-01 9.945534467697143555e-01 2.820976674556732178e-01
2.374973893165588379e-01 6.810365915298461914e-01 4.920937716960906982e-01 7.036782503128051758e-01
1.954970061779022217e-01 3.677920699119567871e-01 4.894634783267974854e-01 3.942391872406005859e-01
6.821368336677551270e-01 6.559165716171264648e-01 9.664107561111450195e-01 8.275755643844604492e-01
6.715360879898071289e-01 6.788287758827209473e-01 9.708974957466125488e-01 7.176565527915954590e-01
2.156686037778854370e-01 2.228218913078308105e-01 5.123080015182495117e-01 2.396260201930999756e-01
6.619017124176025391e-01 2.643364071846008301e-01 9.664513468742370605e-01 2.918620109558105469e-01
6.067780852317810059e-01 2.340214699506759644e-01 9.778493046760559082e-01 2.657767534255981445e-01
6.994211673736572266e-01 4.993741959333419800e-02 9.673719406127929688e-01 2.241747975349426270e-01
1.776015758514404297e-01 2.814188599586486816e-01 5.795106887817382812e-01 3.164957761764526367e-01
6.460288166999816895e-01 5.666818022727966309e-01 9.916275143623352051e-01 5.928688645362854004e-01
2.231971174478530884e-01 6.102409958839416504e-01 5.178073048591613770e-01 6.387609839439392090e-01
6.946065425872802734e-01 3.653448075056076050e-03 9.954071044921875000e-01 1.073500663042068481e-01
6.811159849166870117e-01 2.184125036001205444e-01 9.524677395820617676e-01 2.474197894334793091e-01
2.099945396184921265e-01 2.444019913673400879e-01 5.158220529556274414e-01 2.732853889465332031e-01
6.032937169075012207e-01 4.656597375869750977e-01 1.000000000000000000e+00 5.035241246223449707e-01
6.910423040390014648e-01 2.124980092048645020e-01 9.334948658943176270e-01 4.266481995582580566e-01
1.758483797311782837e-01 5.514269694685935974e-03 5.477774143218994141e-01 3.748730570077896118e-02
1.962599754333496094e-01 3.259198069572448730e-01 6.341134905815124512e-01 3.432824611663818359e-01
1.747213751077651978e-01 3.125832080841064453e-01 6.423526406288146973e-01 3.332983255386352539e-01
7.144790887832641602e-01 4.914745986461639404e-01 9.561082124710083008e-01 7.018126845359802246e-01
8.454754948616027832e-01 3.025268316268920898e-01 9.729245305061340332e-01 3.535482883453369141e-01
8.837744593620300293e-01 2.230914086103439331e-01 9.919732213020324707e-01 2.516446709632873535e-01
6.084217429161071777e-01 8.883561939001083374e-03 9.533516764640808105e-01 9.223185479640960693e-02
6.482676267623901367e-01 4.202091097831726074e-01 9.969803690910339355e-01 5.085037350654602051e-01
5.744795203208923340e-01 8.890850543975830078e-01 9.736671447753906250e-01 9.983892440795898438e-01
6.821175217628479004e-01 9.074790775775909424e-02 9.770435690879821777e-01 2.589504122734069824e-01
1.801855415105819702e-01 2.525337040424346924e-01 5.491306185722351074e-01 2.886223495006561279e-01
6.693723797798156738e-01 4.123452901840209961e-01 9.318434596061706543e-01 4.422775506973266602e-01
3.212292492389678955e-01 6.813390851020812988e-01 4.607266783714294434e-01 7.232534289360046387e-01
6.371067166328430176e-01 5.715931653976440430e-01 9.943121075630187988e-01 9.168968200683593750e-01
6.461535692214965820e-01 3.841461241245269775e-01 1.000000000000000000e+00 4.616799056529998779e-01
8.725536465644836426e-01 2.284608930349349976e-01 9.905205965042114258e-01 2.618542909622192383e-01
6.560305953025817871e-01 4.647682905197143555e-01 9.950497150421142578e-01 8.524307012557983398e-01
8.379373550415039062e-01 2.042016088962554932e-01 9.906595945358276367e-01 2.243098318576812744e-01
2.386535257101058960e-01 1.955657601356506348e-01 1.000000000000000000e+00 4.850227236747741699e-01
6.420687437057495117e-01 3.076536655426025391e-01 9.982988834381103516e-01 3.893297314643859863e-01
6.396358013153076172e-01 6.170213818550109863e-01 9.820503592491149902e-01 6.838957667350769043e-01
5.914826989173889160e-01 6.566259860992431641e-01 9.639835357666015625e-01 6.908048391342163086e-01
6.614311933517456055e-01 4.906081259250640869e-01 9.812554121017456055e-01 5.178596973419189453e-01
3.276090323925018311e-01 6.946660280227661133e-01 4.838864505290985107e-01 7.425636053085327148e-01
6.538286209106445312e-01 6.651431918144226074e-01 9.767616391181945801e-01 7.595050930976867676e-01
8.642912507057189941e-01 2.065318077802658081e-01 9.914572238922119141e-01 2.350656241178512573e-01
8.646233081817626953e-01 2.446785420179367065e-01 9.845785498619079590e-01 2.741482257843017578e-01
1.293180584907531738e-01 5.666106939315795898e-03 5.088675618171691895e-01 3.954827785491943359e-02
6.599548459053039551e-01 4.800413548946380615e-01 9.789303541183471680e-01 5.509269237518310547e-01
8.113752007484436035e-01 4.779335111379623413e-03 1.000000000000000000e+00 6.782014667987823486e-02
6.722905039787292480e-01 5.193755626678466797e-01 9.807757139205932617e-01 5.430269241333007812e-01
9.030334949493408203e-01 2.323915958404541016e-01 9.924588799476623535e-01 2.762819528579711914e-01
6.648781895637512207e-01 8.054707050323486328e-01 9.689403176307678223e-01 8.293576240539550781e-01
1.766360551118850708e-01 4.356287419795989990e-02 9.448413848876953125e-01 5.080094933509826660e-01
7.009432315826416016e-01 1.943993717432022095e-01 9.772243499755859375e-01 2.187396436929702759e-01
2.458203136920928955e-01 1.719390749931335449e-01 4.492897987365722656e-01 2.332594096660614014e-01
6.224567294120788574e-01 3.660362064838409424e-01 1.000000000000000000e+00 4.359568059444427490e-01
6.176159381866455078e-01 2.517196536064147949e-01 1.000000000000000000e+00 7.188795208930969238e-01
5.814602971076965332e-01 1.318765431642532349e-02 8.366504907608032227e-01 8.562546968460083008e-02
1.855913400650024414e-01 3.451521396636962891e-01 5.220209956169128418e-01 3.846700191497802734e-01
2.568047046661376953e-01 1.958272308111190796e-01 4.358881115913391113e-01 2.450114637613296509e-01
6.897343993186950684e-01 3.424800634384155273e-01 9.496886134147644043e-01 5.892961621284484863e-01
6.815864443778991699e-01 6.766821146011352539e-01 9.262447357177734375e-01 7.186924219131469727e-01
8.933462202548980713e-02 2.716309428215026855e-01 9.527271986007690430e-01 5.790224671363830566e-01
2.427157014608383179e-01 2.132264226675033569e-01 4.588050842285156250e-01 2.486033886671066284e-01
7.580935359001159668e-01 0.000000000000000000e+00 9.621449708938598633e-01 1.376339197158813477e-01
9.109856486320495605e-01 2.449903637170791626e-01 9.852586388587951660e-01 2.936304211616516113e-01
2.191885560750961304e-01 5.468141436576843262e-01 4.979919791221618652e-01 5.983607172966003418e-01
3.625916540622711182e-01 4.924489259719848633e-01 9.745023846626281738e-01 9.465174674987792969e-01
1.502631306648254395e-01 6.035397648811340332e-01 5.324894785881042480e-01 6.374341845512390137e-01
5.420042872428894043e-01 4.419944882392883301e-01 1.000000000000000000e+00 4.840487241744995117e-01
3.688443303108215332e-01 6.247347593307495117e-01 9.437280297279357910e-01 8.852075338363647461e-01
7.075861692428588867e-01 5.261584520339965820e-01 9.358893632888793945e-01 7.695684432983398438e-01
7.814624309539794922e-01 5.448197126388549805e-01 9.441672563552856445e-01 9.530581235885620117e-01
6.165570616722106934e-01 8.155621588230133057e-03 9.280083775520324707e-01 7.683133333921432495e-02
1.304164677858352661e-01 2.758276462554931641e-02 4.710057675838470459e-01 1.802546083927154541e-01
4.379315972328186035e-01 1.416169852018356323e-02 8.602068424224853516e-01 9.876538068056106567e-02
6.353372931480407715e-01 1.388493180274963379e-01 9.892116189002990723e-01 4.468088746070861816e-01
6.881303191184997559e-01 1.582553386688232422e-01 9.597542881965637207e-01 1.000000000000000000e+00
3.123034834861755371e-01 6.627173423767089844e-01 4.737130403518676758e-01 7.131270170211791992e-01
6.720554232597351074e-01 2.786618471145629883e-01 9.190502166748046875e-01 5.246890187263488770e-01
2.358329892158508301e-01 3.521071374416351318e-01 4.386875033378601074e-01 3.950035870075225830e-01
5.954669117927551270e-01 0.000000000000000000e+00 9.518609642982482910e-01 8.337916135787963867e-01
5.974441170692443848e-01 1.238230615854263306e-03 7.757846117019653320e-01 5.662822723388671875e-02
9.076378345489501953e-01 2.164186686277389526e-01 9.888967871665954590e-01 2.630780935287475586e-01
1.212207451462745667e-01 1.151661574840545654e-02 5.755165815353393555e-01 1.036131456494331360e-01
5.035045370459556580e-02 1.261190921068191528e-01 9.913766980171203613e-01 5.824567675590515137e-01
6.339195370674133301e-01 6.827555298805236816e-01 9.717541933059692383e-01 8.996744751930236816e-01
5.950650572776794434e-01 6.698530316352844238e-01 9.560033082962036133e-01 7.060185074806213379e-01
5.870482325553894043e-01 4.797649979591369629e-01 9.434280395507812500e-01 5.214932560920715332e-01
6.725581884384155273e-01 8.001490235328674316e-01 9.186647534370422363e-01 8.448968529701232910e-01
0.000000000000000000e+00 1.438978314399719238e-02 2.613487243652343750e-01 5.093477964401245117e-01
7.865646481513977051e-01 8.655975461006164551e-01 9.885657429695129395e-01 8.897169232368469238e-01
2.545841597020626068e-02 2.383058518171310425e-02 5.971910953521728516e-01 9.817317873239517212e-02
8.558881878852844238e-01 0.000000000000000000e+00 9.740566611289978027e-01 6.440055370330810547e-02
7.847259640693664551e-01 2.835187613964080811e-01 1.000000000000000000e+00 3.157252371311187744e-01
8.869004845619201660e-01 1.994383633136749268e-01 9.923518300056457520e-01 2.248897850513458252e-01
7.147389650344848633e-01 3.487107753753662109e-01 9.932125806808471680e-01 4.954946637153625488e-01
6.720680594444274902e-01 5.863857865333557129e-01 9.063317179679870605e-01 7.832021117210388184e-01
5.376223325729370117e-01 2.065844535827636719e-01 1.000000000000000000e+00 6.068179607391357422e-01
3.936433792114257812e-02 4.496212005615234375e-01 9.158740639686584473e-01 7.646410465240478516e-01
5.761875510215759277e-01 6.342977285385131836e-02 9.563700556755065918e-01 2.583595514297485352e-01
8.678780794143676758e-01 3.893965184688568115e-01 9.981205463409423828e-01 4.228200614452362061e-01
5.712400078773498535e-01 3.545786142349243164e-01 9.786025285720825195e-01 7.781522274017333984e-01
4.485623165965080261e-02 2.221088409423828125e-01 4.993223249912261963e-01 6.082379221916198730e-01
2.082041352987289429e-01 4.387568682432174683e-03 6.647515892982482910e-01 9.074544906616210938e-02
7.959212064743041992e-01 5.937165021896362305e-01 9.951662421226501465e-01 6.214729547500610352e-01
6.297434568405151367e-01 7.239463925361633301e-02 9.966170191764831543e-01 3.267405331134796143e-01
3.226322233676910400e-01 7.039610147476196289e-01 9.078520536422729492e-01 9.274671077728271484e-01
0.000000000000000000e+00 0.000000000000000000e+00 0.000000000000000000e+00 0.000000000000000000e+00
0.000000000000000000e+00 0.000000000000000000e+00 0.000000000000000000e+00 0.000000000000000000e+00
0.000000000000000000e+00 0.000000000000000000e+00 0.000000000000000000e+00 0.000000000000000000e+00
0.000000000000000000e+00 0.000000000000000000e+00 0.000000000000000000e+00 0.000000000000000000e+00
0.000000000000000000e+00 0.000000000000000000e+00 0.000000000000000000e+00 0.000000000000000000e+00
0.000000000000000000e+00 0.000000000000000000e+00 0.000000000000000000e+00 0.000000000000000000e+00
0.000000000000000000e+00 0.000000000000000000e+00 0.000000000000000000e+00 0.000000000000000000e+00
0.000000000000000000e+00 0.000000000000000000e+00 0.000000000000000000e+00 0.000000000000000000e+00
0.000000000000000000e+00 0.000000000000000000e+00 0.000000000000000000e+00 0.000000000000000000e+00
0.000000000000000000e+00 0.000000000000000000e+00 0.000000000000000000e+00 0.000000000000000000e+00
0.000000000000000000e+00 0.000000000000000000e+00 0.000000000000000000e+00 0.000000000000000000e+00
0.000000000000000000e+00 0.000000000000000000e+00 0.000000000000000000e+00 0.000000000000000000e+00
0.000000000000000000e+00 0.000000000000000000e+00 0.000000000000000000e+00 0.000000000000000000e+00
0.000000000000000000e+00 0.000000000000000000e+00 0.000000000000000000e+00 0.000000000000000000e+00
0.000000000000000000e+00 0.000000000000000000e+00 0.000000000000000000e+00 0.000000000000000000e+00
0.000000000000000000e+00 0.000000000000000000e+00 0.000000000000000000e+00 0.000000000000000000e+00
0.000000000000000000e+00 0.000000000000000000e+00 0.000000000000000000e+00 0.000000000000000000e+00
0.000000000000000000e+00 0.000000000000000000e+00 0.000000000000000000e+00 0.000000000000000000e+00
0.000000000000000000e+00 0.000000000000000000e+00 0.000000000000000000e+00 0.000000000000000000e+00
0.000000000000000000e+00 0.000000000000000000e+00 0.000000000000000000e+00 0.000000000000000000e+00
0.000000000000000000e+00 0.000000000000000000e+00 0.000000000000000000e+00 0.000000000000000000e+00
0.000000000000000000e+00 0.000000000000000000e+00 0.000000000000000000e+00 0.000000000000000000e+00
0.000000000000000000e+00 0.000000000000000000e+00 0.000000000000000000e+00 0.000000000000000000e+00
0.000000000000000000e+00 0.000000000000000000e+00 0.000000000000000000e+00 0.000000000000000000e+00
0.000000000000000000e+00 0.000000000000000000e+00 0.000000000000000000e+00 0.000000000000000000e+00
0.000000000000000000e+00 0.000000000000000000e+00 0.000000000000000000e+00 0.000000000000000000e+00
0.000000000000000000e+00 0.000000000000000000e+00 0.000000000000000000e+00 0.000000000000000000e+00
0.000000000000000000e+00 0.000000000000000000e+00 0.000000000000000000e+00 0.000000000000000000e+00
0.000000000000000000e+00 0.000000000000000000e+00 0.000000000000000000e+00 0.000000000000000000e+00
0.000000000000000000e+00 0.000000000000000000e+00 0.000000000000000000e+00 0.000000000000000000e+00
0.000000000000000000e+00 0.000000000000000000e+00 0.000000000000000000e+00 0.000000000000000000e+00
0.000000000000000000e+00 0.000000000000000000e+00 0.000000000000000000e+00 0.000000000000000000e+00
0.000000000000000000e+00 0.000000000000000000e+00 0.000000000000000000e+00 0.000000000000000000e+00
0.000000000000000000e+00 0.000000000000000000e+00 0.000000000000000000e+00 0.000000000000000000e+00
0.000000000000000000e+00 0.000000000000000000e+00 0.000000000000000000e+00 0.000000000000000000e+00
0.000000000000000000e+00 0.000000000000000000e+00 0.000000000000000000e+00 0.000000000000000000e+00
0.000000000000000000e+00 0.000000000000000000e+00 0.000000000000000000e+00 0.000000000000000000e+00
0.000000000000000000e+00 0.000000000000000000e+00 0.000000000000000000e+00 0.000000000000000000e+00
0.000000000000000000e+00 0.000000000000000000e+00 0.000000000000000000e+00 0.000000000000000000e+00
0.000000000000000000e+00 0.000000000000000000e+00 0.000000000000000000e+00 0.000000000000000000e+00
0.000000000000000000e+00 0.000000000000000000e+00 0.000000000000000000e+00 0.000000000000000000e+00
0.000000000000000000e+00 0.000000000000000000e+00 0.000000000000000000e+00 0.000000000000000000e+00
0.000000000000000000e+00 0.000000000000000000e+00 0.000000000000000000e+00 0.000000000000000000e+00
0.000000000000000000e+00 0.000000000000000000e+00 0.000000000000000000e+00 0.000000000000000000e+00
0.000000000000000000e+00 0.000000000000000000e+00 0.000000000000000000e+00 0.000000000000000000e+00
0.000000000000000000e+00 0.000000000000000000e+00 0.000000000000000000e+00 0.000000000000000000e+00
0.000000000000000000e+00 0.000000000000000000e+00 0.000000000000000000e+00 0.000000000000000000e+00
0.000000000000000000e+00 0.000000000000000000e+00 0.000000000000000000e+00 0.000000000000000000e+00
0.000000000000000000e+00 0.000000000000000000e+00 0.000000000000000000e+00 0.000000000000000000e+00
0.000000000000000000e+00 0.000000000000000000e+00 0.000000000000000000e+00 0.000000000000000000e+00
0.000000000000000000e+00 0.000000000000000000e+00 0.000000000000000000e+00 0.000000000000000000e+00
0.000000000000000000e+00 0.000000000000000000e+00 0.000000000000000000e+00 0.000000000000000000e+00
0.000000000000000000e+00 0.000000000000000000e+00 0.000000000000000000e+00 0.000000000000000000e+00
0.000000000000000000e+00 0.000000000000000000e+00 0.000000000000000000e+00 0.000000000000000000e+00
0.000000000000000000e+00 0.000000000000000000e+00 0.000000000000000000e+00 0.000000000000000000e+00
0.000000000000000000e+00 0.000000000000000000e+00 0.000000000000000000e+00 0.000000000000000000e+00
0.000000000000000000e+00 0.000000000000000000e+00 0.000000000000000000e+00 0.000000000000000000e+00
0.000000000000000000e+00 0.000000000000000000e+00 0.000000000000000000e+00 0.000000000000000000e+00
0.000000000000000000e+00 0.000000000000000000e+00 0.000000000000000000e+00 0.000000000000000000e+00
0.000000000000000000e+00 0.000000000000000000e+00 0.000000000000000000e+00 0.000000000000000000e+00
0.000000000000000000e+00 0.000000000000000000e+00 0.000000000000000000e+00 0.000000000000000000e+00
0.000000000000000000e+00 0.000000000000000000e+00 0.000000000000000000e+00 0.000000000000000000e+00
0.000000000000000000e+00 0.000000000000000000e+00 0.000000000000000000e+00 0.000000000000000000e+00
0.000000000000000000e+00 0.000000000000000000e+00 0.000000000000000000e+00 0.000000000000000000e+00
0.000000000000000000e+00 0.000000000000000000e+00 0.000000000000000000e+00 0.000000000000000000e+00
0.000000000000000000e+00 0.000000000000000000e+00 0.000000000000000000e+00 0.000000000000000000e+00
0.000000000000000000e+00 0.000000000000000000e+00 0.000000000000000000e+00 0.000000000000000000e+00
0.000000000000000000e+00 0.000000000000000000e+00 0.000000000000000000e+00 0.000000000000000000e+00
0.000000000000000000e+00 0.000000000000000000e+00 0.000000000000000000e+00 0.000000000000000000e+00
0.000000000000000000e+00 0.000000000000000000e+00 0.000000000000000000e+00 0.000000000000000000e+00
0.000000000000000000e+00 0.000000000000000000e+00 0.000000000000000000e+00 0.000000000000000000e+00
0.000000000000000000e+00 0.000000000000000000e+00 0.000000000000000000e+00 0.000000000000000000e+00
0.000000000000000000e+00 0.000000000000000000e+00 0.000000000000000000e+00 0.000000000000000000e+00
0.000000000000000000e+00 0.000000000000000000e+00 0.000000000000000000e+00 0.000000000000000000e+00
0.000000000000000000e+00 0.000000000000000000e+00 0.000000000000000000e+00 0.000000000000000000e+00
0.000000000000000000e+00 0.000000000000000000e+00 0.000000000000000000e+00 0.000000000000000000e+00
0.000000000000000000e+00 0.000000000000000000e+00 0.000000000000000000e+00 0.000000000000000000e+00
0.000000000000000000e+00 0.000000000000000000e+00 0.000000000000000000e+00 0.000000000000000000e+00
0.000000000000000000e+00 0.000000000000000000e+00 0.000000000000000000e+00 0.000000000000000000e+00
0.000000000000000000e+00 0.000000000000000000e+00 0.000000000000000000e+00 0.000000000000000000e+00
0.000000000000000000e+00 0.000000000000000000e+00 0.000000000000000000e+00 0.000000000000000000e+00
0.000000000000000000e+00 0.000000000000000000e+00 0.000000000000000000e+00 0.000000000000000000e+00
0.000000000000000000e+00 0.000000000000000000e+00 0.000000000000000000e+00 0.000000000000000000e+00
0.000000000000000000e+00 0.000000000000000000e+00 0.000000000000000000e+00 0.000000000000000000e+00
0.000000000000000000e+00 0.000000000000000000e+00 0.000000000000000000e+00 0.000000000000000000e+00
0.000000000000000000e+00 0.000000000000000000e+00 0.000000000000000000e+00 0.000000000000000000e+00
0.000000000000000000e+00 0.000000000000000000e+00 0.000000000000000000e+00 0.000000000000000000e+00
0.000000000000000000e+00 0.000000000000000000e+00 0.000000000000000000e+00 0.000000000000000000e+00
0.000000000000000000e+00 0.000000000000000000e+00 0.000000000000000000e+00 0.000000000000000000e+00
0.000000000000000000e+00 0.000000000000000000e+00 0.000000000000000000e+00 0.000000000000000000e+00
0.000000000000000000e+00 0.000000000000000000e+00 0.000000000000000000e+00 0.000000000000000000e+00
0.000000000000000000e+00 0.000000000000000000e+00 0.000000000000000000e+00 0.000000000000000000e+00
0.000000000000000000e+00 0.000000000000000000e+00 0.000000000000000000e+00 0.000000000000000000e+00
0.000000000000000000e+00 0.000000000000000000e+00 0.000000000000000000e+00 0.000000000000000000e+00
0.000000000000000000e+00 0.000000000000000000e+00 0.000000000000000000e+00 0.000000000000000000e+00
0.000000000000000000e+00 0.000000000000000000e+00 0.000000000000000000e+00 0.000000000000000000e+00
0.000000000000000000e+00 0.000000000000000000e+00 0.000000000000000000e+00 0.000000000000000000e+00
0.000000000000000000e+00 0.000000000000000000e+00 0.000000000000000000e+00 0.000000000000000000e+00
0.000000000000000000e+00 0.000000000000000000e+00 0.000000000000000000e+00 0.000000000000000000e+00
0.000000000000000000e+00 0.000000000000000000e+00 0.000000000000000000e+00 0.000000000000000000e+00
