9.999874830245971680e-01
9.999868869781494141e-01
9.999837875366210938e-01
9.999811649322509766e-01
9.999809265136718750e-01
9.999798536300659180e-01
9.999742507934570312e-01
9.999567270278930664e-01
9.999312162399291992e-01
9.999207258224487305e-01
9.999146461486816406e-01
9.998849630355834961e-01
9.998478889465332031e-01
9.998341798782348633e-01
9.968109726905822754e-01
9.960502982139587402e-01
9.799230694770812988e-01
9.758394956588745117e-01
7.028477787971496582e-01
6.733818650245666504e-01
5.571389794349670410e-01
4.612724184989929199e-01
2.222851812839508057e-01
5.451546609401702881e-02
3.860181197524070740e-02
3.661400452256202698e-02
1.821443252265453339e-02
7.117681205272674561e-03
1.197603065520524979e-03
8.769782725721597672e-04
6.702189566567540169e-04
6.448408821597695351e-04
5.337750189937651157e-04
4.811676626559346914e-04
4.386765067465603352e-04
4.200027906335890293e-04
4.186627920717000961e-04
4.116584314033389091e-04
3.840958233922719955e-04
3.814208321273326874e-04
3.801189304795116186e-04
3.788257017731666565e-04
3.516703145578503609e-04
3.270749875809997320e-04
3.210905706509947777e-04
3.009177453350275755e-04
2.839052176568657160e-04
2.718410687521100044e-04
2.550571225583553314e-04
2.476463851053267717e-04
2.407343999948352575e-04
2.304861991433426738e-04
2.250198012916371226e-04
2.026787260547280312e-04
1.940597285283729434e-04
1.847578823799267411e-04
1.780766906449571252e-04
1.571942848386242986e-04
1.571000029798597097e-04
1.266892795683816075e-04
1.207893001264892519e-04
1.135628917836584151e-04
1.134927661041729152e-04
1.093637620215304196e-04
1.050880091497674584e-04
1.000232514343224466e-04
9.048072388395667076e-05
6.568367825821042061e-05
6.408899207599461079e-05
6.318783562164753675e-05
5.779803905170410872e-05
5.546554893953725696e-05
5.475432044477201998e-05
5.149696153239347041e-05
5.124060044181533158e-05
5.028687883168458939e-05
4.205668665235862136e-05
4.166064172750338912e-05
3.911993189831264317e-05
2.859431333490647376e-05
2.686875632207375020e-05
2.031856820394750684e-05
1.986760435102041811e-05
1.912864354380872101e-05
1.747258829709608108e-05
1.629941289138514549e-05
1.588358645676635206e-05
1.584991878189612180e-05
1.478367357776733115e-05
1.410492768627591431e-05
1.058316047419793904e-05
1.004029036266729236e-05
8.593485290475655347e-06
6.804584245401201770e-06
6.143717200757237151e-06
4.286115199647611007e-06
4.151825578446732834e-06
4.066172550665214658e-06
4.022890607302542776e-06
4.012660156149649993e-06
3.540648549460456707e-06
3.331894959046621807e-06
3.184395154676167294e-06
2.298223762409179471e-06
2.253980483146733604e-06
1.795895059331087396e-06
1.706503894638444763e-06
1.388880946251447313e-06
1.088113776859245263e-06
9.079079177354287822e-07
8.795150279183872044e-07
8.627750389678112697e-07
7.595679676342115272e-07
7.083448849698470440e-07
5.959212785455747508e-07
5.935070817031373736e-07
5.912900178373092785e-07
5.788153316643729340e-07
5.208198672335129231e-07
5.184095357435580809e-07
4.475500929856934818e-07
4.126146961880294839e-07
3.388038862794928718e-07
2.615535663608170580e-07
2.507477461222151760e-07
2.412231765447359066e-07
2.353498160800882033e-07
2.088659840637774323e-07
1.989001106039722799e-07
1.952680150907326606e-07
1.918472634088175255e-07
1.625465557708594133e-07
1.547923176303811488e-07
1.502336743897103588e-07
1.444080623969057342e-07
1.366872055541534792e-07
1.309069830313092098e-07
1.242887890384736238e-07
1.073268407481009490e-07
1.070031530048254353e-07
1.058061585013092554e-07
9.033834658112027682e-08
7.210315544625700568e-08
6.891534098940610420e-08
5.426566218602602021e-08
5.248876533414659207e-08
5.128137203769256303e-08
4.688963528565182060e-08
4.594886604536441155e-08
3.754882271778114955e-08
3.444221619020026992e-08
3.066565668063958583e-08
3.053028052590889274e-08
3.018726602022070438e-08
2.819307098889112240e-08
2.737725068868712697e-08
2.310758517864996975e-08
2.030596135682571912e-08
2.017378974983330409e-08
1.985378972335638537e-08
1.953700490275878110e-08
1.767292090448790987e-08
1.747631728221676894e-08
1.512379910195704724e-08
1.499585522424240480e-08
1.470087163113475981e-08
1.421367556986297132e-08
1.406067973164226714e-08
1.358137069473741576e-08
1.328970000713525224e-08
1.260453164064756493e-08
1.205410882221258362e-08
1.199388321992955753e-08
1.106172753395640029e-08
1.011062078504210149e-08
9.445093596127662749e-09
8.203899781733525742e-09
7.941564739155637653e-09
7.478731411936223594e-09
7.134275392672861926e-09
6.905200855555904127e-09
6.809961039522249848e-09
6.586740486369535574e-09
5.963258331576071214e-09
5.610506725872710376e-09
5.587236895365776945e-09
4.655427154887092911e-09
4.195844560683781310e-09
3.906364565153808144e-09
3.827171468628876028e-09
3.319192476425314453e-09
2.865446102617852375e-09
2.138009991270450882e-09
1.586811015918954126e-09
1.552926010006672186e-09
1.445750630324482700e-09
1.413984929143907721e-09
1.248813497056744382e-09
1.234499835689462088e-09
1.144258909846485039e-09
0.000000000000000000e+00
0.000000000000000000e+00
0.000000000000000000e+00
0.000000000000000000e+00
0.000000000000000000e+00
0.000000000000000000e+00
0.000000000000000000e+00
0.000000000000000000e+00
0.000000000000000000e+00
0.000000000000000000e+00
0.000000000000000000e+00
0.000000000000000000e+00
0.000000000000000000e+00
0.000000000000000000e+00
0.000000000000000000e+00
0.000000000000000000e+00
0.000000000000000000e+00
0.000000000000000000e+00
0.000000000000000000e+00
0.000000000000000000e+00
0.000000000000000000e+00
0.000000000000000000e+00
0.000000000000000000e+00
0.000000000000000000e+00
0.000000000000000000e+00
0.000000000000000000e+00
0.000000000000000000e+00
0.000000000000000000e+00
0.000000000000000000e+00
0.000000000000000000e+00
0.000000000000000000e+00
0.000000000000000000e+00
0.000000000000000000e+00
0.000000000000000000e+00
0.000000000000000000e+00
0.000000000000000000e+00
0.000000000000000000e+00
0.000000000000000000e+00
0.000000000000000000e+00
0.000000000000000000e+00
0.000000000000000000e+00
0.000000000000000000e+00
0.000000000000000000e+00
0.000000000000000000e+00
0.000000000000000000e+00
0.000000000000000000e+00
0.000000000000000000e+00
0.000000000000000000e+00
0.000000000000000000e+00
0.000000000000000000e+00
0.000000000000000000e+00
0.000000000000000000e+00
0.000000000000000000e+00
0.000000000000000000e+00
0.000000000000000000e+00
0.000000000000000000e+00
0.000000000000000000e+00
0.000000000000000000e+00
0.000000000000000000e+00
0.000000000000000000e+00
0.000000000000000000e+00
0.000000000000000000e+00
0.000000000000000000e+00
0.000000000000000000e+00
0.000000000000000000e+00
0.000000000000000000e+00
0.000000000000000000e+00
0.000000000000000000e+00
0.000000000000000000e+00
0.000000000000000000e+00
0.000000000000000000e+00
0.000000000000000000e+00
0.000000000000000000e+00
0.000000000000000000e+00
0.000000000000000000e+00
0.000000000000000000e+00
0.000000000000000000e+00
0.000000000000000000e+00
0.000000000000000000e+00
0.000000000000000000e+00
0.000000000000000000e+00
0.000000000000000000e+00
0.000000000000000000e+00
0.000000000000000000e+00
0.000000000000000000e+00
0.000000000000000000e+00
0.000000000000000000e+00
0.000000000000000000e+00
0.000000000000000000e+00
0.000000000000000000e+00
0.000000000000000000e+00
0.000000000000000000e+00
0.000000000000000000e+00
0.000000000000000000e+00
0.000000000000000000e+00
0.000000000000000000e+00
0.000000000000000000e+00
0.000000000000000000e+00
0.000000000000000000e+00
0.000000000000000000e+00
